Alle Aenderungen sind korrekt. Hier die Zusammenfassung:

## Abgeschlossen

### 1. Import hinzugefuegt (`models.py:5`)
```python
from utils.encryption import EncryptedString
```

### 2. Felder auf EncryptedString umgestellt

| Model | Feld | Vorher | Nachher |
|-------|------|--------|---------|
| **Patient** | `ahv_number` | `db.String(16)` | `EncryptedString()` |
| **Patient** | `insurance_number` | `db.String(30)` | `EncryptedString()` |
| **BankAccount** | `iban` | `db.String(34)` | `EncryptedString()` |
| **BankAccount** | `qr_iban` | `db.String(34)` | `EncryptedString()` |
| **Appointment** | `soap_subjective` | `db.Text` | `EncryptedString()` |
| **Appointment** | `soap_objective` | `db.Text` | `EncryptedString()` |
| **Appointment** | `soap_assessment` | `db.Text` | `EncryptedString()` |
| **Appointment** | `soap_plan` | `db.Text` | `EncryptedString()` |
| **TreatmentSeries** | `diagnosis_code` | `db.String(20)` | `EncryptedString()` |
| **TreatmentSeries** | `diagnosis_text` | `db.String(500)` | `EncryptedString()` |

**Uebersprungen:** `Patient.notes` — ist `db.Text` und kann sehr lang sein.

### 3. Migrations-Script erstellt
`scripts/encrypt_existing_data.py` — verschluesselt bestehende Klartext-Daten mit Fernet-Erkennung.

### Naechste Schritte
```bash
# Migration erstellen
flask db migrate -m "encrypt sensitive fields"
flask db upgrade

# Bestehende Daten verschluesseln (BACKUP zuerst!)
ENCRYPTION_KEY=... python scripts/encrypt_existing_data.py
```

Der Syntax-Check braucht noch deine Genehmigung fuer `python3` — bitte erlaube den Befehl, damit ich die Syntax verifizieren kann.
