
[1m[0;34m═══════════════════════════════════════════════════════════════[0m
[1m[0;34m  OMNIA Praxissoftware - Security Hardening[0m
[1m[0;34m═══════════════════════════════════════════════════════════════[0m

[12:24:02] Gestartet: Mi. 25 März 2026 12:24:02 CET
[12:24:02] Projekt: /Users/thomasbalke/praxis-app
[12:24:02] Optionen: phase_only=, from=7, dry_run=false
[12:24:02] Erstelle Git-Backup-Branch: backup/pre-hardening-20260325_122402
  [0;32m✓[0m Backup-Branch erstellt

[1m[0;34m═══════════════════════════════════════════════════════════════[0m
[1m[0;34m  PHASE 7/8: Test-Suite erstellen[0m
[1m[0;34m═══════════════════════════════════════════════════════════════[0m

[12:24:02] Sicherheitstests fuer alle gehaerteten Bereiche.
[12:24:02] 3 Agenten parallel: Auth-Tests + Data-Tests + Integration-Tests.

[0;36m  ── Agent: phase7_auth_tests ──[0m


[0;36m  ── Agent: phase7_data_tests ──[0m


[0;36m  ── Agent: phase7_integration_tests ──[0m

[12:24:02] Starte Agent 'phase7_auth_tests'...
[12:24:02] Starte Agent 'phase7_data_tests'...
[12:24:02] Starte Agent 'phase7_integration_tests'...
[12:24:02] Prompt: /Users/thomasbalke/praxis-app/security-hardening/prompts/phase7a_auth_tests.md
[12:24:02] Prompt: /Users/thomasbalke/praxis-app/security-hardening/prompts/phase7b_data_tests.md
[12:24:02] Prompt: /Users/thomasbalke/praxis-app/security-hardening/prompts/phase7c_integration_tests.md
[12:24:02] Log: /Users/thomasbalke/praxis-app/security-hardening/logs/phase7_auth_tests_20260325_122402.log
[12:24:02] Log: /Users/thomasbalke/praxis-app/security-hardening/logs/phase7_data_tests_20260325_122402.log
[12:24:02] Log: /Users/thomasbalke/praxis-app/security-hardening/logs/phase7_integration_tests_20260325_122402.log
  [0;32m✓[0m Agent 'phase7_auth_tests' erfolgreich abgeschlossen
  [0;32m✓[0m Agent 'phase7_data_tests' erfolgreich abgeschlossen
  [0;32m✓[0m Agent 'phase7_integration_tests' erfolgreich abgeschlossen

[0;36m  ── Validierung: phase7 ──[0m

  [0;32m✓[0m Validierung 'phase7' bestanden
