
[1m[0;34m═══════════════════════════════════════════════════════════════[0m
[1m[0;34m  OMNIA Praxissoftware - Security Hardening[0m
[1m[0;34m═══════════════════════════════════════════════════════════════[0m

[11:09:27] Gestartet: Mi. 25 März 2026 11:09:27 CET
[11:09:27] Projekt: /Users/thomasbalke/praxis-app
[11:09:27] Optionen: phase_only=, from=1, dry_run=false
[11:09:27] Erstelle Git-Backup-Branch: backup/pre-hardening-20260325_110927
  [0;32m✓[0m Backup-Branch erstellt

[1m[0;34m═══════════════════════════════════════════════════════════════[0m
[1m[0;34m  PHASE 1/8: Kritische Sofort-Fixes[0m
[1m[0;34m═══════════════════════════════════════════════════════════════[0m

[11:09:27] Behebe die gefaehrlichsten Luecken zuerst.
[11:09:27] 3 Agenten arbeiten parallel an unabhaengigen Bereichen.

[0;36m  ── Parallel: phase1_auth_fixes + phase1_config_fixes ──[0m

  [0;32m✓[0m Beide Agenten erfolgreich

[0;36m  ── Agent: phase1_portal_fixes ──[0m

[11:11:47] Starte Agent 'phase1_portal_fixes'...
[11:11:47] Prompt: /Users/thomasbalke/praxis-app/security-hardening/prompts/phase1c_portal_fixes.md
[11:11:47] Log: /Users/thomasbalke/praxis-app/security-hardening/logs/phase1_portal_fixes_20260325_110927.log
  [0;32m✓[0m Agent 'phase1_portal_fixes' erfolgreich abgeschlossen

[0;36m  ── Validierung: phase1 ──[0m

  [0;32m✓[0m Validierung 'phase1' bestanden
  [0;32m✓[0m Commit erstellt fuer: Phase 1 - Kritische Sofort-Fixes
  [0;32m✓[0m PHASE 1 ABGESCHLOSSEN

[1m[0;34m═══════════════════════════════════════════════════════════════[0m
[1m[0;34m  PHASE 2/8: Datenverschluesselung[0m
[1m[0;34m═══════════════════════════════════════════════════════════════[0m

[11:15:17] Implementiert Feld-Level-Verschluesselung fuer sensible Daten.
[11:15:17] 2 Agenten: Encryption-Framework + Feld-Migration.

[0;36m  ── Agent: phase2_encryption_framework ──[0m

[11:15:17] Starte Agent 'phase2_encryption_framework'...
[11:15:17] Prompt: /Users/thomasbalke/praxis-app/security-hardening/prompts/phase2a_encryption_framework.md
[11:15:17] Log: /Users/thomasbalke/praxis-app/security-hardening/logs/phase2_encryption_framework_20260325_110927.log
  [0;32m✓[0m Agent 'phase2_encryption_framework' erfolgreich abgeschlossen

[0;36m  ── Agent: phase2_field_encryption ──[0m

[11:16:06] Starte Agent 'phase2_field_encryption'...
[11:16:06] Prompt: /Users/thomasbalke/praxis-app/security-hardening/prompts/phase2b_field_encryption.md
[11:16:06] Log: /Users/thomasbalke/praxis-app/security-hardening/logs/phase2_field_encryption_20260325_110927.log
  [0;32m✓[0m Agent 'phase2_field_encryption' erfolgreich abgeschlossen

[0;36m  ── Validierung: phase2 ──[0m

  [0;32m✓[0m Validierung 'phase2' bestanden
